2012-12-11T05:48:32+00:00 INFO (6): Bootstrap Bootstrap::_initConfigureResourceAutoloader
2012-12-11T05:48:32+00:00 INFO (6): Bootstrap Bootstrap::_initConfig
2012-12-11T05:48:33+00:00 INFO (6): Bootstrap Bootstrap::_initConfigureResourceAutoloader
2012-12-11T05:48:33+00:00 INFO (6): Bootstrap Bootstrap::_initConfig
2012-12-10T23:48:34-06:00 INFO (6): Informational message - setting new CSRFTOKEN: abfb02ecf9e9e49bfffee418631b084bcae182d2
2012-12-11T05:49:04+00:00 INFO (6): Bootstrap Bootstrap::_initConfigureResourceAutoloader
2012-12-11T05:49:04+00:00 INFO (6): Bootstrap Bootstrap::_initConfig
2012-12-10T23:49:04-06:00 INFO (6): Auth controller init
2012-12-11T05:49:05+00:00 INFO (6): Bootstrap Bootstrap::_initConfigureResourceAutoloader
2012-12-11T05:49:05+00:00 INFO (6): Bootstrap Bootstrap::_initConfig
2012-12-10T23:49:05-06:00 INFO (6): Informational message - setting new CSRFTOKEN: 43492ccff56d3772c210b2e2fd8ead7735f3eb0c
2012-12-11T05:49:38+00:00 INFO (6): Bootstrap Bootstrap::_initConfigureResourceAutoloader
2012-12-11T05:49:38+00:00 INFO (6): Bootstrap Bootstrap::_initConfig
2012-12-10T23:49:38-06:00 INFO (6): Auth controller init
2012-12-10T23:49:38-06:00 INFO (6): Informational message - setting new CSRFTOKEN: b7be43a5714ef7cfb3022b30f3a027ca0f98f664
2012-12-11T05:49:51+00:00 INFO (6): Bootstrap Bootstrap::_initConfigureResourceAutoloader
2012-12-11T05:49:51+00:00 INFO (6): Bootstrap Bootstrap::_initConfig
2012-12-10T23:49:52-06:00 INFO (6): Auth controller init
2012-12-10T23:49:52-06:00 INFO (6): Comparing tokens submitted CSRFTOKEN: 43492ccff56d3772c210b2e2fd8ead7735f3eb0c server token: 
2012-12-11T05:54:06+00:00 INFO (6): Bootstrap Bootstrap::_initConfigureResourceAutoloader
2012-12-11T05:54:06+00:00 INFO (6): Bootstrap Bootstrap::_initConfig
2012-12-10T23:54:06-06:00 INFO (6): Auth controller init
2012-12-10T23:54:06-06:00 INFO (6): Informational message - setting new CSRFTOKEN: e949260b4d8741f949e212851786956bcfe0b764
2012-12-11T05:54:18+00:00 INFO (6): Bootstrap Bootstrap::_initConfigureResourceAutoloader
2012-12-11T05:54:18+00:00 INFO (6): Bootstrap Bootstrap::_initConfig
2012-12-10T23:54:18-06:00 INFO (6): Auth controller init
2012-12-10T23:54:19-06:00 INFO (6): Comparing tokens submitted CSRFTOKEN: b7be43a5714ef7cfb3022b30f3a027ca0f98f664 server token: b7be43a5714ef7cfb3022b30f3a027ca0f98f664
2012-12-11T05:54:39+00:00 INFO (6): Bootstrap Bootstrap::_initConfigureResourceAutoloader
2012-12-11T05:54:39+00:00 INFO (6): Bootstrap Bootstrap::_initConfig
2012-12-10T23:54:39-06:00 INFO (6): Auth controller init
2012-12-10T23:54:39-06:00 INFO (6): Comparing tokens submitted CSRFTOKEN: b7be43a5714ef7cfb3022b30f3a027ca0f98f664 server token: b7be43a5714ef7cfb3022b30f3a027ca0f98f664
2012-12-11T05:55:05+00:00 INFO (6): Bootstrap Bootstrap::_initConfigureResourceAutoloader
2012-12-11T05:55:05+00:00 INFO (6): Bootstrap Bootstrap::_initConfig
2012-12-10T23:55:05-06:00 INFO (6): Auth controller init
2012-12-10T23:55:05-06:00 INFO (6): Informational message - setting new CSRFTOKEN: 97cbb2e06f8090bb4243ea73e855d6d684732ab3
2012-12-11T05:55:10+00:00 INFO (6): Bootstrap Bootstrap::_initConfigureResourceAutoloader
2012-12-11T05:55:10+00:00 INFO (6): Bootstrap Bootstrap::_initConfig
2012-12-10T23:55:10-06:00 INFO (6): Auth controller init
2012-12-10T23:55:10-06:00 INFO (6): Comparing tokens submitted CSRFTOKEN: e949260b4d8741f949e212851786956bcfe0b764 server token: b7be43a5714ef7cfb3022b30f3a027ca0f98f664
2012-12-11T05:57:07+00:00 INFO (6): Bootstrap Bootstrap::_initConfigureResourceAutoloader
2012-12-11T05:57:07+00:00 INFO (6): Bootstrap Bootstrap::_initConfig
2012-12-10T23:57:07-06:00 INFO (6): Auth controller init
2012-12-10T23:57:07-06:00 INFO (6): Informational message - setting new CSRFTOKEN: 6615a50787585071fda4786d779c453998a5c981
2012-12-11T05:57:17+00:00 INFO (6): Bootstrap Bootstrap::_initConfigureResourceAutoloader
2012-12-11T05:57:17+00:00 INFO (6): Bootstrap Bootstrap::_initConfig
2012-12-10T23:57:18-06:00 INFO (6): Auth controller init
2012-12-10T23:57:18-06:00 INFO (6): Comparing tokens submitted CSRFTOKEN: 97cbb2e06f8090bb4243ea73e855d6d684732ab3 server token: b7be43a5714ef7cfb3022b30f3a027ca0f98f664
2012-12-11T05:58:37+00:00 INFO (6): Bootstrap Bootstrap::_initConfigureResourceAutoloader
2012-12-11T05:58:37+00:00 INFO (6): Bootstrap Bootstrap::_initConfig
2012-12-10T23:58:38-06:00 INFO (6): Auth controller init
2012-12-10T23:58:38-06:00 INFO (6): Informational message - setting new CSRFTOKEN: bb8877200b48bfc46e1688987c11ba7e1a0f973d
2012-12-11T05:58:43+00:00 INFO (6): Bootstrap Bootstrap::_initConfigureResourceAutoloader
2012-12-11T05:58:43+00:00 INFO (6): Bootstrap Bootstrap::_initConfig
2012-12-10T23:58:43-06:00 INFO (6): Auth controller init
2012-12-10T23:58:44-06:00 INFO (6): Comparing tokens submitted CSRFTOKEN: 6615a50787585071fda4786d779c453998a5c981 server token: b7be43a5714ef7cfb3022b30f3a027ca0f98f664
2012-12-11T06:02:14+00:00 INFO (6): Bootstrap Bootstrap::_initConfigureResourceAutoloader
2012-12-11T06:02:14+00:00 INFO (6): Bootstrap Bootstrap::_initConfig
2012-12-11T00:02:14-06:00 INFO (6): Auth controller init
2012-12-11T00:02:14-06:00 INFO (6): Informational message - setting new CSRFTOKEN: af09c314313cbadfe60e2f523e83983be79fb260
2012-12-11T06:02:25+00:00 INFO (6): Bootstrap Bootstrap::_initConfigureResourceAutoloader
2012-12-11T06:02:25+00:00 INFO (6): Bootstrap Bootstrap::_initConfig
2012-12-11T00:02:25-06:00 INFO (6): Auth controller init
2012-12-11T00:02:26-06:00 INFO (6): Comparing tokens submitted CSRFTOKEN: bb8877200b48bfc46e1688987c11ba7e1a0f973d server token: bb8877200b48bfc46e1688987c11ba7e1a0f973d
2012-12-11T06:02:33+00:00 INFO (6): Bootstrap Bootstrap::_initConfigureResourceAutoloader
2012-12-11T06:02:33+00:00 INFO (6): Bootstrap Bootstrap::_initConfig
2012-12-11T00:02:33-06:00 INFO (6): Auth controller init
2012-12-11T00:02:34-06:00 INFO (6): Comparing tokens submitted CSRFTOKEN: bb8877200b48bfc46e1688987c11ba7e1a0f973d server token: bb8877200b48bfc46e1688987c11ba7e1a0f973d
2012-12-11T06:02:53+00:00 INFO (6): Bootstrap Bootstrap::_initConfigureResourceAutoloader
2012-12-11T06:02:53+00:00 INFO (6): Bootstrap Bootstrap::_initConfig
2012-12-11T00:02:53-06:00 INFO (6): Auth controller init
2012-12-11T00:02:53-06:00 INFO (6): Comparing tokens submitted CSRFTOKEN: bb8877200b48bfc46e1688987c11ba7e1a0f973d server token: bb8877200b48bfc46e1688987c11ba7e1a0f973d
2012-12-11T06:03:06+00:00 INFO (6): Bootstrap Bootstrap::_initConfigureResourceAutoloader
2012-12-11T06:03:06+00:00 INFO (6): Bootstrap Bootstrap::_initConfig
2012-12-11T00:03:06-06:00 INFO (6): Auth controller init
2012-12-11T00:03:06-06:00 INFO (6): Informational message - setting new CSRFTOKEN: af7fe5aa15c7cbc9a42daf08306973df18dfccb0
2012-12-11T06:03:12+00:00 INFO (6): Bootstrap Bootstrap::_initConfigureResourceAutoloader
2012-12-11T06:03:12+00:00 INFO (6): Bootstrap Bootstrap::_initConfig
2012-12-11T00:03:13-06:00 INFO (6): Auth controller init
2012-12-11T00:03:13-06:00 INFO (6): Comparing tokens submitted CSRFTOKEN: af09c314313cbadfe60e2f523e83983be79fb260 server token: af09c314313cbadfe60e2f523e83983be79fb260
2012-12-11T06:03:40+00:00 INFO (6): Bootstrap Bootstrap::_initConfigureResourceAutoloader
2012-12-11T06:03:40+00:00 INFO (6): Bootstrap Bootstrap::_initConfig
2012-12-11T00:03:40-06:00 INFO (6): Auth controller init
2012-12-11T00:03:40-06:00 INFO (6): Comparing tokens submitted CSRFTOKEN: af09c314313cbadfe60e2f523e83983be79fb260 server token: af09c314313cbadfe60e2f523e83983be79fb260
2012-12-11T06:06:01+00:00 INFO (6): Bootstrap Bootstrap::_initConfigureResourceAutoloader
2012-12-11T06:06:01+00:00 INFO (6): Bootstrap Bootstrap::_initConfig
2012-12-11T00:06:02-06:00 INFO (6): Auth controller init
2012-12-11T00:06:02-06:00 INFO (6): Informational message - setting new CSRFTOKEN: 0c135638b8e90bae3e86a0961e2bc4fab7a3011a
2012-12-11T06:06:10+00:00 INFO (6): Bootstrap Bootstrap::_initConfigureResourceAutoloader
2012-12-11T06:06:10+00:00 INFO (6): Bootstrap Bootstrap::_initConfig
2012-12-11T00:06:10-06:00 INFO (6): Auth controller init
2012-12-11T06:06:10+00:00 INFO (6): Bootstrap Bootstrap::_initConfigureResourceAutoloader
2012-12-11T06:06:10+00:00 INFO (6): Bootstrap Bootstrap::_initConfig
2012-12-11T00:06:10-06:00 INFO (6): Auth controller init
2012-12-11T00:06:11-06:00 INFO (6): Informational message - setting new CSRFTOKEN: ad619cd98eff3cde828d406947b2189a40ece855
2012-12-11T06:06:19+00:00 INFO (6): Bootstrap Bootstrap::_initConfigureResourceAutoloader
2012-12-11T06:06:19+00:00 INFO (6): Bootstrap Bootstrap::_initConfig
2012-12-11T00:06:20-06:00 INFO (6): Auth controller init
2012-12-11T00:06:20-06:00 INFO (6): Informational message - setting new CSRFTOKEN: 000fc98e7076a5c84ace1bf6c807b30a2e5351c7
2012-12-11T06:09:56+00:00 INFO (6): Bootstrap Bootstrap::_initConfigureResourceAutoloader
2012-12-11T06:09:56+00:00 INFO (6): Bootstrap Bootstrap::_initConfig
2012-12-11T00:09:56-06:00 INFO (6): Auth controller init
2012-12-11T00:09:56-06:00 INFO (6): Informational message - setting new CSRFTOKEN: 04177e3e937b1e970999af061f7d8a64b657e8fe
2012-12-11T06:09:57+00:00 INFO (6): Bootstrap Bootstrap::_initConfigureResourceAutoloader
2012-12-11T06:09:57+00:00 INFO (6): Bootstrap Bootstrap::_initConfig
2012-12-11T00:09:58-06:00 INFO (6): Auth controller init
2012-12-11T00:09:58-06:00 INFO (6): Informational message - setting new CSRFTOKEN: 7f7df5042cfb2cf7cf05ae0388bc354384b54daa
2012-12-11T06:10:10+00:00 INFO (6): Bootstrap Bootstrap::_initConfigureResourceAutoloader
2012-12-11T06:10:10+00:00 INFO (6): Bootstrap Bootstrap::_initConfig
2012-12-11T00:10:11-06:00 INFO (6): Auth controller init
2012-12-11T00:10:11-06:00 INFO (6): Informational message - setting new CSRFTOKEN: bd8a904f4804ed34cda86bc4ebd042229fdee7db
2012-12-11T06:21:12+00:00 INFO (6): Bootstrap Bootstrap::_initConfigureResourceAutoloader
2012-12-11T06:21:12+00:00 INFO (6): Bootstrap Bootstrap::_initConfig
2012-12-11T00:21:12-06:00 INFO (6): Auth controller init
2012-12-11T00:21:13-06:00 INFO (6): Informational message - setting new CSRFTOKEN: a414f5b61556722a863f101bac512b12663a31c5
2012-12-11T06:21:19+00:00 INFO (6): Bootstrap Bootstrap::_initConfigureResourceAutoloader
2012-12-11T06:21:19+00:00 INFO (6): Bootstrap Bootstrap::_initConfig
2012-12-11T00:21:20-06:00 INFO (6): Auth controller init
2012-12-11T00:21:20-06:00 INFO (6): Informational message - setting new CSRFTOKEN: 2f3833224872957cf28b273ba048d13651073a49
2012-12-11T06:21:32+00:00 INFO (6): Bootstrap Bootstrap::_initConfigureResourceAutoloader
2012-12-11T06:21:32+00:00 INFO (6): Bootstrap Bootstrap::_initConfig
2012-12-11T00:21:33-06:00 INFO (6): Auth controller init
2012-12-11T00:21:33-06:00 INFO (6): Informational message - setting new CSRFTOKEN: 3bbd71b48725c3cd5fe7fcc89ab926a91426570e
2012-12-11T06:21:56+00:00 INFO (6): Bootstrap Bootstrap::_initConfigureResourceAutoloader
2012-12-11T06:21:56+00:00 INFO (6): Bootstrap Bootstrap::_initConfig
2012-12-11T00:21:57-06:00 INFO (6): Auth controller init
2012-12-11T00:21:57-06:00 INFO (6): Informational message - setting new CSRFTOKEN: d8a3a83167ef1296ed82b82c040c2309d9d88a43
2012-12-11T06:24:52+00:00 INFO (6): Bootstrap Bootstrap::_initConfigureResourceAutoloader
2012-12-11T06:24:52+00:00 INFO (6): Bootstrap Bootstrap::_initConfig
2012-12-11T00:24:52-06:00 INFO (6): Auth controller init
2012-12-11T00:24:52-06:00 INFO (6): Informational message - setting new CSRFTOKEN: e387ebff2ff8cf336c1a40ea52ce4817d33aa3d8
2012-12-11T06:24:58+00:00 INFO (6): Bootstrap Bootstrap::_initConfigureResourceAutoloader
2012-12-11T06:24:58+00:00 INFO (6): Bootstrap Bootstrap::_initConfig
2012-12-11T00:24:59-06:00 INFO (6): Auth controller init
2012-12-11T00:24:59-06:00 INFO (6): Informational message - setting new CSRFTOKEN: 1f6bd7e99f2d4384c43271d2f9675f44bc9a8d1c
2012-12-11T06:25:08+00:00 INFO (6): Bootstrap Bootstrap::_initConfigureResourceAutoloader
2012-12-11T06:25:08+00:00 INFO (6): Bootstrap Bootstrap::_initConfig
2012-12-11T00:25:08-06:00 INFO (6): Auth controller init
2012-12-11T06:25:09+00:00 INFO (6): Bootstrap Bootstrap::_initConfigureResourceAutoloader
2012-12-11T06:25:09+00:00 INFO (6): Bootstrap Bootstrap::_initConfig
2012-12-11T00:25:09-06:00 INFO (6): Informational message - setting new CSRFTOKEN: b8991dc6d63a2803cbd4c082d92ced209010eea9
2012-12-11T06:25:15+00:00 INFO (6): Bootstrap Bootstrap::_initConfigureResourceAutoloader
2012-12-11T06:25:15+00:00 INFO (6): Bootstrap Bootstrap::_initConfig
2012-12-11T00:25:16-06:00 INFO (6): Informational message - setting new CSRFTOKEN: 5834e5b6bbf6807fb7e267dee6dac88f662f11fd
2012-12-11T00:25:16-06:00 INFO (6): Informational message - setting new CSRFTOKEN: 82d046510efab2ae9c53f87f1386a01f39eb564a
2012-12-11T06:25:20+00:00 INFO (6): Bootstrap Bootstrap::_initConfigureResourceAutoloader
2012-12-11T06:25:20+00:00 INFO (6): Bootstrap Bootstrap::_initConfig
2012-12-11T00:25:21-06:00 INFO (6): Informational message - setting new CSRFTOKEN: 8fe3a05a9e06170c8c49ce9b48c9519c5f0ec993
2012-12-11T06:27:50+00:00 INFO (6): Bootstrap Bootstrap::_initConfigureResourceAutoloader
2012-12-11T06:27:50+00:00 INFO (6): Bootstrap Bootstrap::_initConfig
2012-12-11T00:27:50-06:00 INFO (6): Auth controller init
2012-12-11T06:27:50+00:00 INFO (6): Bootstrap Bootstrap::_initConfigureResourceAutoloader
2012-12-11T06:27:50+00:00 INFO (6): Bootstrap Bootstrap::_initConfig
2012-12-11T00:27:50-06:00 INFO (6): Auth controller init
2012-12-11T00:27:50-06:00 INFO (6): Informational message - setting new CSRFTOKEN: 768506183ebd47ac906d4532a791e5865a1b80eb
2012-12-11T00:27:50-06:00 INFO (6): Informational message - setting new CSRFTOKEN: 737905b5993673d1962f7c60eeb6a3de3ec971b6
2012-12-11T06:27:57+00:00 INFO (6): Bootstrap Bootstrap::_initConfigureResourceAutoloader
2012-12-11T06:27:57+00:00 INFO (6): Bootstrap Bootstrap::_initConfig
2012-12-11T00:27:57-06:00 INFO (6): Auth controller init
2012-12-11T06:27:57+00:00 INFO (6): Bootstrap Bootstrap::_initConfigureResourceAutoloader
2012-12-11T06:27:57+00:00 INFO (6): Bootstrap Bootstrap::_initConfig
2012-12-11T00:27:58-06:00 INFO (6): Informational message - setting new CSRFTOKEN: f4d4cbe406a737d69611520b37c6d6fd920f2779
2012-12-11T06:28:01+00:00 INFO (6): Bootstrap Bootstrap::_initConfigureResourceAutoloader
2012-12-11T06:28:01+00:00 INFO (6): Bootstrap Bootstrap::_initConfig
2012-12-11T00:28:02-06:00 INFO (6): Auth controller init
2012-12-11T06:28:02+00:00 INFO (6): Bootstrap Bootstrap::_initConfigureResourceAutoloader
2012-12-11T06:28:02+00:00 INFO (6): Bootstrap Bootstrap::_initConfig
2012-12-11T00:28:02-06:00 INFO (6): Auth controller init
2012-12-11T00:28:02-06:00 INFO (6): Informational message - setting new CSRFTOKEN: bfbfb97d79490df72bc25eb26bce9b52c579291e
2012-12-11T00:28:02-06:00 INFO (6): Informational message - setting new CSRFTOKEN: 0607bb3d664a3778d6990236b3e3ddd540f363ac
2012-12-11T06:28:14+00:00 INFO (6): Bootstrap Bootstrap::_initConfigureResourceAutoloader
2012-12-11T06:28:14+00:00 INFO (6): Bootstrap Bootstrap::_initConfig
2012-12-11T00:28:14-06:00 INFO (6): Auth controller init
2012-12-11T00:28:14-06:00 INFO (6): Informational message - setting new CSRFTOKEN: dbe39b69f72ed7ccbf0eda8f76f8195b18d52ed1
2012-12-11T06:28:18+00:00 INFO (6): Bootstrap Bootstrap::_initConfigureResourceAutoloader
2012-12-11T06:28:18+00:00 INFO (6): Bootstrap Bootstrap::_initConfig
2012-12-11T00:28:18-06:00 INFO (6): Auth controller init
2012-12-11T06:28:19+00:00 INFO (6): Bootstrap Bootstrap::_initConfigureResourceAutoloader
2012-12-11T06:28:19+00:00 INFO (6): Bootstrap Bootstrap::_initConfig
2012-12-11T00:28:19-06:00 INFO (6): Informational message - setting new CSRFTOKEN: 312f94592a7b1c785753847709418a1d8f0b0cec
2012-12-11T06:28:24+00:00 INFO (6): Bootstrap Bootstrap::_initConfigureResourceAutoloader
2012-12-11T06:28:24+00:00 INFO (6): Bootstrap Bootstrap::_initConfig
2012-12-11T00:28:25-06:00 INFO (6): Informational message - setting new CSRFTOKEN: a190e740f02ae63a8d91c0b8be2958d794ea5060
2012-12-11T06:29:56+00:00 INFO (6): Bootstrap Bootstrap::_initConfigureResourceAutoloader
2012-12-11T06:29:56+00:00 INFO (6): Bootstrap Bootstrap::_initConfig
2012-12-11T00:29:56-06:00 INFO (6): Informational message - setting new CSRFTOKEN: 23e15749e65c5eed127680be878aa968615d63af
2012-12-11T06:30:15+00:00 INFO (6): Bootstrap Bootstrap::_initConfigureResourceAutoloader
2012-12-11T06:30:15+00:00 INFO (6): Bootstrap Bootstrap::_initConfig
2012-12-11T00:30:16-06:00 INFO (6): Auth controller init
2012-12-11T06:30:16+00:00 INFO (6): Bootstrap Bootstrap::_initConfigureResourceAutoloader
2012-12-11T06:30:16+00:00 INFO (6): Bootstrap Bootstrap::_initConfig
2012-12-11T00:30:16-06:00 INFO (6): Auth controller init
2012-12-11T00:30:16-06:00 INFO (6): Informational message - setting new CSRFTOKEN: ed9a9841d08da58ab179440e01aae3b50ab39f02
2012-12-11T00:30:16-06:00 INFO (6): Informational message - setting new CSRFTOKEN: 009d91415a94d2192f94d255e4d071a452f1a8d0
2012-12-11T06:30:19+00:00 INFO (6): Bootstrap Bootstrap::_initConfigureResourceAutoloader
2012-12-11T06:30:19+00:00 INFO (6): Bootstrap Bootstrap::_initConfig
2012-12-11T00:30:20-06:00 INFO (6): Informational message - setting new CSRFTOKEN: 6b4d9d12bc684544d439df208e814615730e67c2
2012-12-11T06:30:26+00:00 INFO (6): Bootstrap Bootstrap::_initConfigureResourceAutoloader
2012-12-11T06:30:26+00:00 INFO (6): Bootstrap Bootstrap::_initConfig
2012-12-11T00:30:27-06:00 INFO (6): Auth controller init
2012-12-11T00:30:27-06:00 INFO (6): Comparing tokens submitted CSRFTOKEN: 6b4d9d12bc684544d439df208e814615730e67c2 server token: 6b4d9d12bc684544d439df208e814615730e67c2
2012-12-11T06:30:27+00:00 INFO (6): Bootstrap Bootstrap::_initConfigureResourceAutoloader
2012-12-11T06:30:27+00:00 INFO (6): Bootstrap Bootstrap::_initConfig
2012-12-11T00:30:27-06:00 INFO (6): Informational message - setting new CSRFTOKEN: ce95dd8bb12fa6d27114fe4abb90fa4362824afd
2012-12-11T06:30:49+00:00 INFO (6): Bootstrap Bootstrap::_initConfigureResourceAutoloader
2012-12-11T06:30:49+00:00 INFO (6): Bootstrap Bootstrap::_initConfig
2012-12-11T00:30:50-06:00 INFO (6): Informational message - setting new CSRFTOKEN: 63621c698a6d96dbd9df946487b46e7e426ca447
2012-12-11T06:52:40+00:00 INFO (6): Bootstrap Bootstrap::_initConfigureResourceAutoloader
2012-12-11T06:52:40+00:00 INFO (6): Bootstrap Bootstrap::_initConfig
2012-12-11T00:52:41-06:00 INFO (6): Informational message - setting new CSRFTOKEN: c25efbaa58eed0b1eb4dbf0ab16c1eb801189e54
2012-12-11T07:06:15+00:00 INFO (6): Bootstrap Bootstrap::_initConfigureResourceAutoloader
2012-12-11T07:06:15+00:00 INFO (6): Bootstrap Bootstrap::_initConfig
2012-12-11T01:06:16-06:00 INFO (6): Informational message - setting new CSRFTOKEN: 391cffb3b86fb18309c650640002f74e42c9b4f5
2012-12-12T03:14:40+00:00 INFO (6): Bootstrap Bootstrap::_initConfigureResourceAutoloader
2012-12-12T03:14:40+00:00 INFO (6): Bootstrap Bootstrap::_initConfig
2012-12-11T21:14:41-06:00 INFO (6): Informational message - setting new CSRFTOKEN: 4f9e118a9d4055baabf635ff5c93dd8a2147eed5
2012-12-12T03:33:31+00:00 INFO (6): Bootstrap Bootstrap::_initConfigureResourceAutoloader
2012-12-12T03:33:31+00:00 INFO (6): Bootstrap Bootstrap::_initConfig
2012-12-11T21:33:32-06:00 INFO (6): Informational message - setting new CSRFTOKEN: 40b7bc59de081722e4aee7737af37e5f53a3f662
2012-12-12T03:33:34+00:00 INFO (6): Bootstrap Bootstrap::_initConfigureResourceAutoloader
2012-12-12T03:33:34+00:00 INFO (6): Bootstrap Bootstrap::_initConfig
2012-12-12T03:33:39+00:00 INFO (6): Bootstrap Bootstrap::_initConfigureResourceAutoloader
2012-12-12T03:33:39+00:00 INFO (6): Bootstrap Bootstrap::_initConfig
2012-12-11T21:33:39-06:00 INFO (6): Informational message - setting new CSRFTOKEN: b4ffba006fed1767c25e6992ab09455f9da5435d
2012-12-12T03:49:05+00:00 INFO (6): Bootstrap Bootstrap::_initConfigureResourceAutoloader
2012-12-12T03:49:05+00:00 INFO (6): Bootstrap Bootstrap::_initConfig
2012-12-12T03:49:05+00:00 INFO (6): Salt: 
2012-12-11T21:49:05-06:00 INFO (6): Informational message - setting new CSRFTOKEN: 8b196dc427362d2011862ae05f77ab57ea70b70e
2012-12-12T03:49:36+00:00 INFO (6): Bootstrap Bootstrap::_initConfigureResourceAutoloader
2012-12-12T03:49:36+00:00 INFO (6): Bootstrap Bootstrap::_initConfig
2012-12-12T03:49:36+00:00 INFO (6): Salt: Array
2012-12-11T21:49:36-06:00 INFO (6): Informational message - setting new CSRFTOKEN: b165741db4ee3abda9133ffb0d7f0013c2207261
2012-12-12T03:50:35+00:00 INFO (6): Bootstrap Bootstrap::_initConfigureResourceAutoloader
2012-12-12T03:50:35+00:00 INFO (6): Bootstrap Bootstrap::_initConfig
2012-12-12T03:50:35+00:00 INFO (6): Salt: 
2012-12-12T03:50:35+00:00 INFO (6): Bootstrap Bootstrap::_initConfigureResourceAutoloader
2012-12-12T03:50:35+00:00 INFO (6): Bootstrap Bootstrap::_initConfig
2012-12-12T03:50:35+00:00 INFO (6): Salt: 
2012-12-12T03:51:04+00:00 INFO (6): Bootstrap Bootstrap::_initConfigureResourceAutoloader
2012-12-12T03:51:04+00:00 INFO (6): Bootstrap Bootstrap::_initConfig
2012-12-12T03:51:04+00:00 INFO (6): Salt: dw1L2l5ecxDxCbhgEMUg9oW0gpu12W1JrVrRyMfL6hzZ4bUowd6Dy0rwLS7ojmA
2012-12-11T21:51:04-06:00 INFO (6): Informational message - setting new CSRFTOKEN: f49195d628ee8d883f2e3b44f932daf92b61c31e
2012-12-12T04:01:24+00:00 INFO (6): Bootstrap Bootstrap::_initConfigureResourceAutoloader
2012-12-12T04:01:24+00:00 INFO (6): Bootstrap Bootstrap::_initConfig
2012-12-11T22:01:24-06:00 INFO (6): Informational message - setting new CSRFTOKEN: 595071b76da92f04e02666bbee0d86477f541cca
2012-12-12T04:01:34+00:00 INFO (6): Bootstrap Bootstrap::_initConfigureResourceAutoloader
2012-12-12T04:01:34+00:00 INFO (6): Bootstrap Bootstrap::_initConfig
2012-12-11T22:01:34-06:00 INFO (6): Informational message - setting new CSRFTOKEN: 9a2900cdd8a27360519302cd893a78e90ce01ffa
2012-12-12T04:01:48+00:00 INFO (6): Bootstrap Bootstrap::_initConfigureResourceAutoloader
2012-12-12T04:01:48+00:00 INFO (6): Bootstrap Bootstrap::_initConfig
2012-12-11T22:01:48-06:00 INFO (6): Informational message - setting new CSRFTOKEN: a70b9de2a25051a2a39b3c9e2da7549a510406ea
2012-12-12T04:01:53+00:00 INFO (6): Bootstrap Bootstrap::_initConfigureResourceAutoloader
2012-12-12T04:01:53+00:00 INFO (6): Bootstrap Bootstrap::_initConfig
2012-12-11T22:01:53-06:00 INFO (6): Informational message - setting new CSRFTOKEN: 8dcb8b3c04d85787d5bf5dee59e9848fccd89e50
2012-12-12T04:02:01+00:00 INFO (6): Bootstrap Bootstrap::_initConfigureResourceAutoloader
2012-12-12T04:02:01+00:00 INFO (6): Bootstrap Bootstrap::_initConfig
2012-12-11T22:02:01-06:00 INFO (6): Informational message - setting new CSRFTOKEN: b53ff590169c2e1c40cf51b38ed3055e2d6cb9a3
2012-12-12T04:02:30+00:00 INFO (6): Bootstrap Bootstrap::_initConfigureResourceAutoloader
2012-12-12T04:02:30+00:00 INFO (6): Bootstrap Bootstrap::_initConfig
2012-12-11T22:02:30-06:00 INFO (6): Informational message - setting new CSRFTOKEN: cea44480d31172bf7cadf6187b0f25fec88729df
2012-12-12T04:02:31+00:00 INFO (6): Bootstrap Bootstrap::_initConfigureResourceAutoloader
2012-12-12T04:02:31+00:00 INFO (6): Bootstrap Bootstrap::_initConfig
2012-12-11T22:02:31-06:00 INFO (6): Informational message - setting new CSRFTOKEN: 9751a4db7466cc76fb0ae82b7a0a3aec61c2f21a
2012-12-12T04:03:02+00:00 INFO (6): Bootstrap Bootstrap::_initConfigureResourceAutoloader
2012-12-12T04:03:02+00:00 INFO (6): Bootstrap Bootstrap::_initConfig
2012-12-11T22:03:02-06:00 INFO (6): Informational message - setting new CSRFTOKEN: a18746d88b728eb3d845bc47a7056bfce9a43438
2012-12-12T04:03:09+00:00 INFO (6): Bootstrap Bootstrap::_initConfigureResourceAutoloader
2012-12-12T04:03:09+00:00 INFO (6): Bootstrap Bootstrap::_initConfig
2012-12-11T22:03:09-06:00 INFO (6): Informational message - setting new CSRFTOKEN: 6e88f1b4d3f5ed8a3fcab8176d2c2cb85d641c54
2012-12-12T04:03:50+00:00 INFO (6): Bootstrap Bootstrap::_initConfigureResourceAutoloader
2012-12-12T04:03:50+00:00 INFO (6): Bootstrap Bootstrap::_initConfig
2012-12-11T22:03:50-06:00 INFO (6): Informational message - setting new CSRFTOKEN: 1b904dca40e086ee12303c152d739c7a3707bc1a
2012-12-12T04:04:00+00:00 INFO (6): Bootstrap Bootstrap::_initConfigureResourceAutoloader
2012-12-12T04:04:00+00:00 INFO (6): Bootstrap Bootstrap::_initConfig
2012-12-11T22:04:01-06:00 INFO (6): Informational message - setting new CSRFTOKEN: 1ca9c466db67b05edf8dd9cb074f183fe19ef23d
2012-12-12T04:07:15+00:00 INFO (6): Bootstrap Bootstrap::_initConfigureResourceAutoloader
2012-12-12T04:07:15+00:00 INFO (6): Bootstrap Bootstrap::_initConfig
2012-12-11T22:07:15-06:00 INFO (6): Informational message - setting new CSRFTOKEN: 15d203b6bbd818b57fb6323ae0f0948a46db8450
2012-12-12T04:07:17+00:00 INFO (6): Bootstrap Bootstrap::_initConfigureResourceAutoloader
2012-12-12T04:07:17+00:00 INFO (6): Bootstrap Bootstrap::_initConfig
2012-12-11T22:07:18-06:00 INFO (6): Informational message - setting new CSRFTOKEN: 22a883b8e27287e6b5359d36fce603e07dac7da3
2012-12-12T04:07:22+00:00 INFO (6): Bootstrap Bootstrap::_initConfigureResourceAutoloader
2012-12-12T04:07:22+00:00 INFO (6): Bootstrap Bootstrap::_initConfig
2012-12-12T04:07:22+00:00 INFO (6): Bootstrap Bootstrap::_initConfigureResourceAutoloader
2012-12-12T04:07:22+00:00 INFO (6): Bootstrap Bootstrap::_initConfig
2012-12-12T04:13:17+00:00 INFO (6): Bootstrap Bootstrap::_initConfigureResourceAutoloader
2012-12-12T04:13:17+00:00 INFO (6): Bootstrap Bootstrap::_initConfig
2012-12-11T22:13:17-06:00 INFO (6): Informational message - setting new CSRFTOKEN: 8ed06126937e0e09aa23b006bec7802a05796780
2012-12-12T04:13:20+00:00 INFO (6): Bootstrap Bootstrap::_initConfigureResourceAutoloader
2012-12-12T04:13:20+00:00 INFO (6): Bootstrap Bootstrap::_initConfig
2012-12-12T04:13:20+00:00 INFO (6): Bootstrap Bootstrap::_initConfigureResourceAutoloader
2012-12-12T04:13:20+00:00 INFO (6): Bootstrap Bootstrap::_initConfig
2012-12-12T04:14:42+00:00 INFO (6): Bootstrap Bootstrap::_initConfigureResourceAutoloader
2012-12-12T04:14:42+00:00 INFO (6): Bootstrap Bootstrap::_initConfig
2012-12-11T22:14:42-06:00 INFO (6): Exception: exception 'Zend_Controller_Dispatcher_Exception' with message 'Invalid controller specified (search)' in /Applications/XAMPP/xamppfiles/htdocs/zf/library/Zend/Controller/Dispatcher/Standard.php:248
Stack trace:
#0 /Applications/XAMPP/xamppfiles/htdocs/zf/library/Zend/Controller/Front.php(954): Zend_Controller_Dispatcher_Standard->dispatch(Object(Zend_Controller_Request_Http), Object(Zend_Controller_Response_Http))
#1 /Applications/XAMPP/xamppfiles/htdocs/zf/library/Zend/Application/Bootstrap/Bootstrap.php(97): Zend_Controller_Front->dispatch()
#2 /Applications/XAMPP/xamppfiles/htdocs/zf/library/Zend/Application.php(366): Zend_Application_Bootstrap_Bootstrap->run()
#3 /Users/kevin/Sites/linkblab/public/index.php(26): Zend_Application->run()
#4 {main}
2012-12-11T22:14:42-06:00 INFO (6): Informational message - setting new CSRFTOKEN: 79d12baa24193976477e88de73036d821f35f427
2012-12-12T04:15:16+00:00 INFO (6): Bootstrap Bootstrap::_initConfigureResourceAutoloader
2012-12-12T04:15:16+00:00 INFO (6): Bootstrap Bootstrap::_initConfig
2012-12-12T04:15:16+00:00 INFO (6): Bootstrap Bootstrap::_initConfigureResourceAutoloader
2012-12-12T04:15:16+00:00 INFO (6): Bootstrap Bootstrap::_initConfig
2012-12-12T04:17:19+00:00 INFO (6): Bootstrap Bootstrap::_initConfigureResourceAutoloader
2012-12-12T04:17:19+00:00 INFO (6): Bootstrap Bootstrap::_initConfig
2012-12-11T22:17:20-06:00 CRIT (2): Exception: exception 'Zend_Controller_Dispatcher_Exception' with message 'Invalid controller specified (search)' in /Applications/XAMPP/xamppfiles/htdocs/zf/library/Zend/Controller/Dispatcher/Standard.php:248
Stack trace:
#0 /Applications/XAMPP/xamppfiles/htdocs/zf/library/Zend/Controller/Front.php(954): Zend_Controller_Dispatcher_Standard->dispatch(Object(Zend_Controller_Request_Http), Object(Zend_Controller_Response_Http))
#1 /Applications/XAMPP/xamppfiles/htdocs/zf/library/Zend/Application/Bootstrap/Bootstrap.php(97): Zend_Controller_Front->dispatch()
#2 /Applications/XAMPP/xamppfiles/htdocs/zf/library/Zend/Application.php(366): Zend_Application_Bootstrap_Bootstrap->run()
#3 /Users/kevin/Sites/linkblab/public/index.php(26): Zend_Application->run()
#4 {main}
2012-12-11T22:17:20-06:00 INFO (6): Informational message - setting new CSRFTOKEN: 401a4896e26f7d7018df798cd1437b8e79c118e3
2012-12-12T04:20:13+00:00 INFO (6): Bootstrap Bootstrap::_initConfigureResourceAutoloader
2012-12-12T04:20:13+00:00 INFO (6): Bootstrap Bootstrap::_initConfig
2012-12-11T22:20:13-06:00 INFO (6): Informational message - setting new CSRFTOKEN: 854ba05e5df7efaab02b6925138c281f42d848af
2012-12-12T04:39:02+00:00 INFO (6): Bootstrap Bootstrap::_initConfigureResourceAutoloader
2012-12-12T04:39:02+00:00 INFO (6): Bootstrap Bootstrap::_initConfig
2012-12-11T22:39:02-06:00 CRIT (2): Exception: exception 'Zend_Controller_Dispatcher_Exception' with message 'Invalid controller specified (search)' in /Applications/XAMPP/xamppfiles/htdocs/zf/library/Zend/Controller/Dispatcher/Standard.php:248
Stack trace:
#0 /Applications/XAMPP/xamppfiles/htdocs/zf/library/Zend/Controller/Front.php(954): Zend_Controller_Dispatcher_Standard->dispatch(Object(Zend_Controller_Request_Http), Object(Zend_Controller_Response_Http))
#1 /Applications/XAMPP/xamppfiles/htdocs/zf/library/Zend/Application/Bootstrap/Bootstrap.php(97): Zend_Controller_Front->dispatch()
#2 /Applications/XAMPP/xamppfiles/htdocs/zf/library/Zend/Application.php(366): Zend_Application_Bootstrap_Bootstrap->run()
#3 /Users/kevin/Sites/linkblab/public/index.php(26): Zend_Application->run()
#4 {main}
2012-12-11T22:39:02-06:00 INFO (6): Informational message - setting new CSRFTOKEN: 24ccbac178bde2c55f7598b3066d5a2a5282a960
2012-12-12T04:39:12+00:00 INFO (6): Bootstrap Bootstrap::_initConfigureResourceAutoloader
2012-12-12T04:39:12+00:00 INFO (6): Bootstrap Bootstrap::_initConfig
2012-12-11T22:39:12-06:00 CRIT (2): Exception: exception 'Zend_Controller_Dispatcher_Exception' with message 'Invalid controller specified (search)' in /Applications/XAMPP/xamppfiles/htdocs/zf/library/Zend/Controller/Dispatcher/Standard.php:248
Stack trace:
#0 /Applications/XAMPP/xamppfiles/htdocs/zf/library/Zend/Controller/Front.php(954): Zend_Controller_Dispatcher_Standard->dispatch(Object(Zend_Controller_Request_Http), Object(Zend_Controller_Response_Http))
#1 /Applications/XAMPP/xamppfiles/htdocs/zf/library/Zend/Application/Bootstrap/Bootstrap.php(97): Zend_Controller_Front->dispatch()
#2 /Applications/XAMPP/xamppfiles/htdocs/zf/library/Zend/Application.php(366): Zend_Application_Bootstrap_Bootstrap->run()
#3 /Users/kevin/Sites/linkblab/public/index.php(26): Zend_Application->run()
#4 {main}
2012-12-11T22:39:12-06:00 INFO (6): Informational message - setting new CSRFTOKEN: ddf5347da6e33d22462793b84bcc1ec0ca07ec39
2012-12-12T04:39:24+00:00 INFO (6): Bootstrap Bootstrap::_initConfigureResourceAutoloader
2012-12-12T04:39:24+00:00 INFO (6): Bootstrap Bootstrap::_initConfig
2012-12-11T22:39:24-06:00 CRIT (2): Exception: exception 'Zend_Controller_Dispatcher_Exception' with message 'Invalid controller specified (search)' in /Applications/XAMPP/xamppfiles/htdocs/zf/library/Zend/Controller/Dispatcher/Standard.php:248
Stack trace:
#0 /Applications/XAMPP/xamppfiles/htdocs/zf/library/Zend/Controller/Front.php(954): Zend_Controller_Dispatcher_Standard->dispatch(Object(Zend_Controller_Request_Http), Object(Zend_Controller_Response_Http))
#1 /Applications/XAMPP/xamppfiles/htdocs/zf/library/Zend/Application/Bootstrap/Bootstrap.php(97): Zend_Controller_Front->dispatch()
#2 /Applications/XAMPP/xamppfiles/htdocs/zf/library/Zend/Application.php(366): Zend_Application_Bootstrap_Bootstrap->run()
#3 /Users/kevin/Sites/linkblab/public/index.php(26): Zend_Application->run()
#4 {main}
2012-12-11T22:39:24-06:00 INFO (6): Informational message - setting new CSRFTOKEN: 57f69dc0a743f58fb7aaa0669076b40579c71eec
2012-12-12T04:39:32+00:00 INFO (6): Bootstrap Bootstrap::_initConfigureResourceAutoloader
2012-12-12T04:39:32+00:00 INFO (6): Bootstrap Bootstrap::_initConfig
2012-12-11T22:39:32-06:00 CRIT (2): Exception: exception 'Zend_Controller_Dispatcher_Exception' with message 'Invalid controller specified (search)' in /Applications/XAMPP/xamppfiles/htdocs/zf/library/Zend/Controller/Dispatcher/Standard.php:248
Stack trace:
#0 /Applications/XAMPP/xamppfiles/htdocs/zf/library/Zend/Controller/Front.php(954): Zend_Controller_Dispatcher_Standard->dispatch(Object(Zend_Controller_Request_Http), Object(Zend_Controller_Response_Http))
#1 /Applications/XAMPP/xamppfiles/htdocs/zf/library/Zend/Application/Bootstrap/Bootstrap.php(97): Zend_Controller_Front->dispatch()
#2 /Applications/XAMPP/xamppfiles/htdocs/zf/library/Zend/Application.php(366): Zend_Application_Bootstrap_Bootstrap->run()
#3 /Users/kevin/Sites/linkblab/public/index.php(26): Zend_Application->run()
#4 {main}
2012-12-11T22:39:32-06:00 INFO (6): Informational message - setting new CSRFTOKEN: 1767019a52e4f1946736a2340a1115ba710d1ab6
2012-12-12T04:39:58+00:00 INFO (6): Bootstrap Bootstrap::_initConfigureResourceAutoloader
2012-12-12T04:39:58+00:00 INFO (6): Bootstrap Bootstrap::_initConfig
2012-12-11T22:39:58-06:00 INFO (6): Informational message - setting new CSRFTOKEN: 5c3cbdf0f5d6bf46b4a27a18d20d834d796f1569
2012-12-12T04:41:47+00:00 INFO (6): Bootstrap Bootstrap::_initConfigureResourceAutoloader
2012-12-12T04:41:47+00:00 INFO (6): Bootstrap Bootstrap::_initConfig
2012-12-11T22:41:47-06:00 INFO (6): Informational message - setting new CSRFTOKEN: 9be6b08e2b7d450218eaae54aa2618c6bab7e41c
2012-12-12T04:41:49+00:00 INFO (6): Bootstrap Bootstrap::_initConfigureResourceAutoloader
2012-12-12T04:41:49+00:00 INFO (6): Bootstrap Bootstrap::_initConfig
2012-12-11T22:41:49-06:00 INFO (6): Informational message - setting new CSRFTOKEN: ac8950360eafea0aca3c8d8fd9fe8e273ed26a80
2012-12-12T04:41:53+00:00 INFO (6): Bootstrap Bootstrap::_initConfigureResourceAutoloader
2012-12-12T04:41:53+00:00 INFO (6): Bootstrap Bootstrap::_initConfig
2012-12-11T22:41:53-06:00 INFO (6): Informational message - setting new CSRFTOKEN: 4f556a4a66c7e87e2bf68fc0a5b12e8de849876d
2012-12-12T04:42:55+00:00 INFO (6): Bootstrap Bootstrap::_initConfigureResourceAutoloader
2012-12-12T04:42:55+00:00 INFO (6): Bootstrap Bootstrap::_initConfig
2012-12-11T22:42:55-06:00 INFO (6): Informational message - setting new CSRFTOKEN: 4fabc5b3072c98a2825f2eecb7eb91380be8c40a
2012-12-12T04:42:56+00:00 INFO (6): Bootstrap Bootstrap::_initConfigureResourceAutoloader
2012-12-12T04:42:56+00:00 INFO (6): Bootstrap Bootstrap::_initConfig
2012-12-11T22:42:56-06:00 INFO (6): Informational message - setting new CSRFTOKEN: 31cfe7cd7bfb97718d38c01f59ce74743b8c44d3
2012-12-12T04:42:58+00:00 INFO (6): Bootstrap Bootstrap::_initConfigureResourceAutoloader
2012-12-12T04:42:58+00:00 INFO (6): Bootstrap Bootstrap::_initConfig
2012-12-11T22:42:58-06:00 INFO (6): Informational message - setting new CSRFTOKEN: 37641aa81992061482e60c0f05604a04dc2949c5
2012-12-12T04:42:59+00:00 INFO (6): Bootstrap Bootstrap::_initConfigureResourceAutoloader
2012-12-12T04:42:59+00:00 INFO (6): Bootstrap Bootstrap::_initConfig
2012-12-11T22:42:59-06:00 INFO (6): Informational message - setting new CSRFTOKEN: 7c56b92a3737d6392be85f415ddd00087d31ef2d
2012-12-12T04:42:59+00:00 INFO (6): Bootstrap Bootstrap::_initConfigureResourceAutoloader
2012-12-12T04:42:59+00:00 INFO (6): Bootstrap Bootstrap::_initConfig
2012-12-11T22:43:00-06:00 INFO (6): Informational message - setting new CSRFTOKEN: d3dc798bacf7f793b5bab72631b966c6fe9c2955
2012-12-12T04:43:00+00:00 INFO (6): Bootstrap Bootstrap::_initConfigureResourceAutoloader
2012-12-12T04:43:00+00:00 INFO (6): Bootstrap Bootstrap::_initConfig
2012-12-11T22:43:00-06:00 INFO (6): Informational message - setting new CSRFTOKEN: 50689a568fb246c86fcb026f589894874e101863
2012-12-12T04:43:01+00:00 INFO (6): Bootstrap Bootstrap::_initConfigureResourceAutoloader
2012-12-12T04:43:01+00:00 INFO (6): Bootstrap Bootstrap::_initConfig
2012-12-11T22:43:01-06:00 INFO (6): Informational message - setting new CSRFTOKEN: d8a324ea1adcce854bad1f708ce34b916571e1aa
2012-12-12T04:44:13+00:00 INFO (6): Bootstrap Bootstrap::_initConfigureResourceAutoloader
2012-12-12T04:44:13+00:00 INFO (6): Bootstrap Bootstrap::_initConfig
2012-12-11T22:44:13-06:00 INFO (6): Informational message - setting new CSRFTOKEN: 860c42e3639405f2bf0bf9df5e5cafa3fe7e08ed
2012-12-12T04:44:28+00:00 INFO (6): Bootstrap Bootstrap::_initConfigureResourceAutoloader
2012-12-12T04:44:28+00:00 INFO (6): Bootstrap Bootstrap::_initConfig
2012-12-11T22:44:28-06:00 INFO (6): Informational message - setting new CSRFTOKEN: bf5194599bd4761b7f63a4769187ab9266dfda73
2012-12-12T04:44:30+00:00 INFO (6): Bootstrap Bootstrap::_initConfigureResourceAutoloader
2012-12-12T04:44:30+00:00 INFO (6): Bootstrap Bootstrap::_initConfig
2012-12-11T22:44:30-06:00 INFO (6): Informational message - setting new CSRFTOKEN: 27675237aa4fccdf64c65c34e18797bd333760b5
2012-12-12T04:44:53+00:00 INFO (6): Bootstrap Bootstrap::_initConfigureResourceAutoloader
2012-12-12T04:44:53+00:00 INFO (6): Bootstrap Bootstrap::_initConfig
2012-12-11T22:44:53-06:00 INFO (6): Informational message - setting new CSRFTOKEN: 7c4a20e4d1251698c6063d32d734a5177fcbc5cd
2012-12-12T04:44:55+00:00 INFO (6): Bootstrap Bootstrap::_initConfigureResourceAutoloader
2012-12-12T04:44:55+00:00 INFO (6): Bootstrap Bootstrap::_initConfig
2012-12-11T22:44:55-06:00 INFO (6): Informational message - setting new CSRFTOKEN: 0d21784a83b895d7d225458c894d25521f9b6503
2012-12-12T04:45:27+00:00 INFO (6): Bootstrap Bootstrap::_initConfigureResourceAutoloader
2012-12-12T04:45:27+00:00 INFO (6): Bootstrap Bootstrap::_initConfig
2012-12-11T22:45:27-06:00 INFO (6): Informational message - setting new CSRFTOKEN: 69fae426ab98002da97ffcb5e7439a9be9f08390
2012-12-12T04:47:14+00:00 INFO (6): Bootstrap Bootstrap::_initConfigureResourceAutoloader
2012-12-12T04:47:14+00:00 INFO (6): Bootstrap Bootstrap::_initConfig
2012-12-11T22:47:14-06:00 INFO (6): Informational message - setting new CSRFTOKEN: dd5240070eb826b4693c416cefc362b97497b440
2012-12-12T04:49:02+00:00 INFO (6): Bootstrap Bootstrap::_initConfigureResourceAutoloader
2012-12-12T04:49:02+00:00 INFO (6): Bootstrap Bootstrap::_initConfig
2012-12-11T22:49:02-06:00 INFO (6): Informational message - setting new CSRFTOKEN: 9bba7fbd71b956dcf100e37b830b352e84577e0b
2012-12-12T04:51:22+00:00 INFO (6): Bootstrap Bootstrap::_initConfigureResourceAutoloader
2012-12-12T04:51:22+00:00 INFO (6): Bootstrap Bootstrap::_initConfig
2012-12-11T22:51:23-06:00 INFO (6): Informational message - setting new CSRFTOKEN: c2caeda440c7ce4acb29d63bc32a71630dd2b961
2012-12-12T04:51:37+00:00 INFO (6): Bootstrap Bootstrap::_initConfigureResourceAutoloader
2012-12-12T04:51:37+00:00 INFO (6): Bootstrap Bootstrap::_initConfig
2012-12-11T22:51:38-06:00 INFO (6): Informational message - setting new CSRFTOKEN: f00e69e35410e1505b87597cece15b2b5d2b4498
2012-12-12T04:51:44+00:00 INFO (6): Bootstrap Bootstrap::_initConfigureResourceAutoloader
2012-12-12T04:51:44+00:00 INFO (6): Bootstrap Bootstrap::_initConfig
2012-12-11T22:51:44-06:00 INFO (6): Informational message - setting new CSRFTOKEN: 525919e89c6aa26c471f29179483e1038ef48ae0
2012-12-12T04:52:30+00:00 INFO (6): Bootstrap Bootstrap::_initConfigureResourceAutoloader
2012-12-12T04:52:30+00:00 INFO (6): Bootstrap Bootstrap::_initConfig
2012-12-11T22:52:30-06:00 INFO (6): Informational message - setting new CSRFTOKEN: 4e250cf854a3026cc17faa9bc152b7b65a816ef5
2012-12-12T04:52:51+00:00 INFO (6): Bootstrap Bootstrap::_initConfigureResourceAutoloader
2012-12-12T04:52:51+00:00 INFO (6): Bootstrap Bootstrap::_initConfig
2012-12-11T22:52:51-06:00 INFO (6): Informational message - setting new CSRFTOKEN: 161e218932ebdca595e94f0129c8ec98f30815c5
2012-12-12T04:52:54+00:00 INFO (6): Bootstrap Bootstrap::_initConfigureResourceAutoloader
2012-12-12T04:52:54+00:00 INFO (6): Bootstrap Bootstrap::_initConfig
2012-12-11T22:52:54-06:00 INFO (6): Informational message - setting new CSRFTOKEN: 3bfab518bfc5d7112102da200f4adf468322e851
2012-12-12T04:53:20+00:00 INFO (6): Bootstrap Bootstrap::_initConfigureResourceAutoloader
2012-12-12T04:53:20+00:00 INFO (6): Bootstrap Bootstrap::_initConfig
2012-12-11T22:53:20-06:00 INFO (6): Informational message - setting new CSRFTOKEN: 66d8a13c349b6fa3dfa1e588a9fb603c8ef21eb7
2012-12-12T04:53:26+00:00 INFO (6): Bootstrap Bootstrap::_initConfigureResourceAutoloader
2012-12-12T04:53:26+00:00 INFO (6): Bootstrap Bootstrap::_initConfig
2012-12-11T22:53:26-06:00 INFO (6): Informational message - setting new CSRFTOKEN: 6563c0f45a4b7211149e90607f353a5b2f74df28
2012-12-12T04:53:48+00:00 INFO (6): Bootstrap Bootstrap::_initConfigureResourceAutoloader
2012-12-12T04:53:48+00:00 INFO (6): Bootstrap Bootstrap::_initConfig
2012-12-11T22:53:48-06:00 INFO (6): Informational message - setting new CSRFTOKEN: 186b667efbd4068647805225d56315e757ffe98c
2012-12-12T04:54:10+00:00 INFO (6): Bootstrap Bootstrap::_initConfigureResourceAutoloader
2012-12-12T04:54:10+00:00 INFO (6): Bootstrap Bootstrap::_initConfig
2012-12-11T22:54:10-06:00 INFO (6): Informational message - setting new CSRFTOKEN: e6a5bcbafc74af76d46cbdad29880efe2bb2b4e7
2012-12-12T04:54:41+00:00 INFO (6): Bootstrap Bootstrap::_initConfigureResourceAutoloader
2012-12-12T04:54:41+00:00 INFO (6): Bootstrap Bootstrap::_initConfig
2012-12-11T22:54:41-06:00 INFO (6): Informational message - setting new CSRFTOKEN: 1f18408b918d2720497bf0e51bbca09d4cf7c0e5
2012-12-12T04:54:52+00:00 INFO (6): Bootstrap Bootstrap::_initConfigureResourceAutoloader
2012-12-12T04:54:52+00:00 INFO (6): Bootstrap Bootstrap::_initConfig
2012-12-11T22:54:52-06:00 INFO (6): Informational message - setting new CSRFTOKEN: 994025f04ccac0bdc188c6b1ada75e1498f94941
2012-12-12T04:55:00+00:00 INFO (6): Bootstrap Bootstrap::_initConfigureResourceAutoloader
2012-12-12T04:55:00+00:00 INFO (6): Bootstrap Bootstrap::_initConfig
2012-12-11T22:55:00-06:00 INFO (6): Informational message - setting new CSRFTOKEN: b42c84de477d49826cb867b8074322b54715798b
2012-12-12T05:10:33+00:00 INFO (6): Bootstrap Bootstrap::_initConfigureResourceAutoloader
2012-12-12T05:10:33+00:00 INFO (6): Bootstrap Bootstrap::_initConfig
2012-12-11T23:10:33-06:00 INFO (6): Informational message - setting new CSRFTOKEN: 712eec29143c0c68d794474c4578a08001f0592c
2012-12-12T05:10:35+00:00 INFO (6): Bootstrap Bootstrap::_initConfigureResourceAutoloader
2012-12-12T05:10:35+00:00 INFO (6): Bootstrap Bootstrap::_initConfig
2012-12-11T23:10:35-06:00 INFO (6): Informational message - setting new CSRFTOKEN: 865b63a3b3b397947c35440436a305f1871455d0
2012-12-12T05:11:45+00:00 INFO (6): Bootstrap Bootstrap::_initConfigureResourceAutoloader
2012-12-12T05:11:45+00:00 INFO (6): Bootstrap Bootstrap::_initConfig
2012-12-11T23:11:45-06:00 INFO (6): Is admin: 1
2012-12-11T23:11:45-06:00 INFO (6): Informational message - setting new CSRFTOKEN: 8ec2110660ba0431e19c49e60d1bba75848c22cd
2012-12-12T05:13:24+00:00 INFO (6): Bootstrap Bootstrap::_initConfigureResourceAutoloader
2012-12-12T05:13:24+00:00 INFO (6): Bootstrap Bootstrap::_initConfig
2012-12-11T23:13:24-06:00 INFO (6): Informational message - setting new CSRFTOKEN: 6b0c5dfec1168cd7c1115682c20804265093b7e3
2012-12-12T05:15:26+00:00 INFO (6): Bootstrap Bootstrap::_initConfigureResourceAutoloader
2012-12-12T05:15:26+00:00 INFO (6): Bootstrap Bootstrap::_initConfig
2012-12-11T23:15:27-06:00 INFO (6): Informational message - setting new CSRFTOKEN: 5051768b96d3ac54be7f4a30de51d4db2f9e7c9d
2012-12-12T05:15:50+00:00 INFO (6): Bootstrap Bootstrap::_initConfigureResourceAutoloader
2012-12-12T05:15:50+00:00 INFO (6): Bootstrap Bootstrap::_initConfig
2012-12-11T23:15:50-06:00 INFO (6): Informational message - setting new CSRFTOKEN: a19b37616386cde3a4db9d1cf2226a6455aca4e3
2012-12-12T05:15:53+00:00 INFO (6): Bootstrap Bootstrap::_initConfigureResourceAutoloader
2012-12-12T05:15:53+00:00 INFO (6): Bootstrap Bootstrap::_initConfig
2012-12-11T23:15:53-06:00 INFO (6): Informational message - setting new CSRFTOKEN: e37f896cb16bf25cdc18f5acea93cdd500b424d2
2012-12-12T05:16:13+00:00 INFO (6): Bootstrap Bootstrap::_initConfigureResourceAutoloader
2012-12-12T05:16:13+00:00 INFO (6): Bootstrap Bootstrap::_initConfig
2012-12-11T23:16:13-06:00 INFO (6): Informational message - setting new CSRFTOKEN: 7e9302e630a7db0c2cb6a9021e34bbc997847e8b
2012-12-12T05:16:14+00:00 INFO (6): Bootstrap Bootstrap::_initConfigureResourceAutoloader
2012-12-12T05:16:14+00:00 INFO (6): Bootstrap Bootstrap::_initConfig
2012-12-11T23:16:14-06:00 INFO (6): Informational message - setting new CSRFTOKEN: ae26e7db74be123f4438daf331ea4fc929cbb947
2012-12-12T05:17:07+00:00 INFO (6): Bootstrap Bootstrap::_initConfigureResourceAutoloader
2012-12-12T05:17:07+00:00 INFO (6): Bootstrap Bootstrap::_initConfig
2012-12-11T23:17:07-06:00 INFO (6): Informational message - setting new CSRFTOKEN: b67d6b40dedfaa65ce6aae19e57f83083685f362
2012-12-12T05:17:09+00:00 INFO (6): Bootstrap Bootstrap::_initConfigureResourceAutoloader
2012-12-12T05:17:09+00:00 INFO (6): Bootstrap Bootstrap::_initConfig
2012-12-11T23:17:09-06:00 INFO (6): Informational message - setting new CSRFTOKEN: c4b05d46497ee588e1cb3f42ccec7e579c83e91e
2012-12-12T05:17:10+00:00 INFO (6): Bootstrap Bootstrap::_initConfigureResourceAutoloader
2012-12-12T05:17:10+00:00 INFO (6): Bootstrap Bootstrap::_initConfig
2012-12-11T23:17:10-06:00 INFO (6): Informational message - setting new CSRFTOKEN: 0c970d5c216b8b6985bf2626d4a2863e00493ca7
2012-12-12T05:18:06+00:00 INFO (6): Bootstrap Bootstrap::_initConfigureResourceAutoloader
2012-12-12T05:18:06+00:00 INFO (6): Bootstrap Bootstrap::_initConfig
2012-12-11T23:18:06-06:00 INFO (6): Informational message - setting new CSRFTOKEN: 687d0eb9dfd3df05235c74b8d788ae8170413b88
2012-12-12T05:18:07+00:00 INFO (6): Bootstrap Bootstrap::_initConfigureResourceAutoloader
2012-12-12T05:18:07+00:00 INFO (6): Bootstrap Bootstrap::_initConfig
2012-12-11T23:18:08-06:00 INFO (6): Informational message - setting new CSRFTOKEN: 23dc63a46a78d04e32e61ca223ed7b7ad0389530
2012-12-12T05:18:38+00:00 INFO (6): Bootstrap Bootstrap::_initConfigureResourceAutoloader
2012-12-12T05:18:38+00:00 INFO (6): Bootstrap Bootstrap::_initConfig
2012-12-11T23:18:38-06:00 INFO (6): Informational message - setting new CSRFTOKEN: 9d887b82cd4771f7a6b8b034454fd7bd08fc7212
2012-12-12T05:18:57+00:00 INFO (6): Bootstrap Bootstrap::_initConfigureResourceAutoloader
2012-12-12T05:18:57+00:00 INFO (6): Bootstrap Bootstrap::_initConfig
2012-12-12T05:18:57+00:00 INFO (6): Bootstrap Bootstrap::_initConfigureResourceAutoloader
2012-12-12T05:18:57+00:00 INFO (6): Bootstrap Bootstrap::_initConfig
2012-12-11T23:18:57-06:00 INFO (6): Informational message - setting new CSRFTOKEN: e858fd89eaaa4d0b40b5ff71abce97a03cee2632
2012-12-11T23:18:57-06:00 INFO (6): Informational message - setting new CSRFTOKEN: 9631547bc3ff508ee1adfea348b0393869886bff
2012-12-12T05:19:01+00:00 INFO (6): Bootstrap Bootstrap::_initConfigureResourceAutoloader
2012-12-12T05:19:01+00:00 INFO (6): Bootstrap Bootstrap::_initConfig
2012-12-11T23:19:01-06:00 INFO (6): Informational message - setting new CSRFTOKEN: a16ed7a10834d69bfc89e04845f9a119fe7d71d5
2012-12-12T05:19:04+00:00 INFO (6): Bootstrap Bootstrap::_initConfigureResourceAutoloader
2012-12-12T05:19:04+00:00 INFO (6): Bootstrap Bootstrap::_initConfig
2012-12-12T05:19:04+00:00 INFO (6): Bootstrap Bootstrap::_initConfigureResourceAutoloader
2012-12-12T05:19:04+00:00 INFO (6): Bootstrap Bootstrap::_initConfig
2012-12-11T23:19:04-06:00 INFO (6): Informational message - setting new CSRFTOKEN: a81200d8b4762cd713bd357b7afac24cad18db8a
2012-12-11T23:19:04-06:00 INFO (6): Informational message - setting new CSRFTOKEN: 7d96422af430b989a12aee38150b9b999048854c
2012-12-12T05:19:36+00:00 INFO (6): Bootstrap Bootstrap::_initConfigureResourceAutoloader
2012-12-12T05:19:36+00:00 INFO (6): Bootstrap Bootstrap::_initConfig
2012-12-12T05:19:36+00:00 INFO (6): Bootstrap Bootstrap::_initConfigureResourceAutoloader
2012-12-12T05:19:36+00:00 INFO (6): Bootstrap Bootstrap::_initConfig
2012-12-11T23:19:36-06:00 INFO (6): Informational message - setting new CSRFTOKEN: 20c30b62f8694963d7860cce72f91a40f4d61733
2012-12-12T05:19:39+00:00 INFO (6): Bootstrap Bootstrap::_initConfigureResourceAutoloader
2012-12-12T05:19:39+00:00 INFO (6): Bootstrap Bootstrap::_initConfig
2012-12-11T23:19:39-06:00 INFO (6): Informational message - setting new CSRFTOKEN: af19c139e198617338970bc49c51d316bf2742f1
2012-12-12T05:19:40+00:00 INFO (6): Bootstrap Bootstrap::_initConfigureResourceAutoloader
2012-12-12T05:19:40+00:00 INFO (6): Bootstrap Bootstrap::_initConfig
2012-12-11T23:19:40-06:00 INFO (6): Informational message - setting new CSRFTOKEN: 49cb3720ccbec97b23a5da3a564579a7fb3aaf88
2012-12-12T05:19:42+00:00 INFO (6): Bootstrap Bootstrap::_initConfigureResourceAutoloader
2012-12-12T05:19:42+00:00 INFO (6): Bootstrap Bootstrap::_initConfig
2012-12-11T23:19:42-06:00 INFO (6): Informational message - setting new CSRFTOKEN: 6e8e5abbd6cbea7b9ddb1b0cdea13c5e900f7fc9
2012-12-12T05:19:43+00:00 INFO (6): Bootstrap Bootstrap::_initConfigureResourceAutoloader
2012-12-12T05:19:43+00:00 INFO (6): Bootstrap Bootstrap::_initConfig
2012-12-11T23:19:43-06:00 INFO (6): Informational message - setting new CSRFTOKEN: 01653a6bd06410a0bc01691ceb3275ff4e85526e
2012-12-12T05:24:46+00:00 INFO (6): Bootstrap Bootstrap::_initConfigureResourceAutoloader
2012-12-12T05:24:46+00:00 INFO (6): Bootstrap Bootstrap::_initConfig
2012-12-11T23:24:46-06:00 INFO (6): Informational message - setting new CSRFTOKEN: c01ce5c22608155946005ac72f4d6010c6b8c1a6
2012-12-12T05:27:40+00:00 INFO (6): Bootstrap Bootstrap::_initConfigureResourceAutoloader
2012-12-12T05:27:40+00:00 INFO (6): Bootstrap Bootstrap::_initConfig
2012-12-11T23:27:40-06:00 INFO (6): Informational message - setting new CSRFTOKEN: 28fdf96570cd239af9f06d8262067aea53b200be
2012-12-12T05:27:43+00:00 INFO (6): Bootstrap Bootstrap::_initConfigureResourceAutoloader
2012-12-12T05:27:43+00:00 INFO (6): Bootstrap Bootstrap::_initConfig
2012-12-11T23:27:43-06:00 INFO (6): Informational message - setting new CSRFTOKEN: 7b866329e9ee7aebb88133068ec0ae472e02731d
2012-12-12T05:27:47+00:00 INFO (6): Bootstrap Bootstrap::_initConfigureResourceAutoloader
2012-12-12T05:27:47+00:00 INFO (6): Bootstrap Bootstrap::_initConfig
2012-12-12T05:27:47+00:00 INFO (6): Bootstrap Bootstrap::_initConfigureResourceAutoloader
2012-12-12T05:27:47+00:00 INFO (6): Bootstrap Bootstrap::_initConfig
2012-12-11T23:27:47-06:00 INFO (6): Informational message - setting new CSRFTOKEN: 12098990f7f9d70d2e73685d2f07e77ffe1ef684
2012-12-11T23:27:47-06:00 INFO (6): Informational message - setting new CSRFTOKEN: ec67a7cb406506afc3ae2aeeb609e65128d025d0
2012-12-12T05:27:52+00:00 INFO (6): Bootstrap Bootstrap::_initConfigureResourceAutoloader
2012-12-12T05:27:52+00:00 INFO (6): Bootstrap Bootstrap::_initConfig
2012-12-12T05:27:52+00:00 INFO (6): Bootstrap Bootstrap::_initConfigureResourceAutoloader
2012-12-12T05:27:52+00:00 INFO (6): Bootstrap Bootstrap::_initConfig
2012-12-11T23:27:52-06:00 INFO (6): Informational message - setting new CSRFTOKEN: 9d0db56687d1d718f043e3f153afd1250e5bf560
2012-12-12T05:28:10+00:00 INFO (6): Bootstrap Bootstrap::_initConfigureResourceAutoloader
2012-12-12T05:28:10+00:00 INFO (6): Bootstrap Bootstrap::_initConfig
2012-12-11T23:28:10-06:00 INFO (6): Informational message - setting new CSRFTOKEN: e30406f623149c0cb9b613bcb985d75f6a505028
2012-12-12T05:36:11+00:00 INFO (6): Bootstrap Bootstrap::_initConfigureResourceAutoloader
2012-12-12T05:36:11+00:00 INFO (6): Bootstrap Bootstrap::_initConfig
2012-12-11T23:36:11-06:00 INFO (6): Informational message - setting new CSRFTOKEN: 4fe78d344b2ea35550b2617c8eb2d8a249f439f9
2012-12-12T05:36:15+00:00 INFO (6): Bootstrap Bootstrap::_initConfigureResourceAutoloader
2012-12-12T05:36:15+00:00 INFO (6): Bootstrap Bootstrap::_initConfig
2012-12-11T23:36:15-06:00 INFO (6): Informational message - setting new CSRFTOKEN: 546459572dc526998b7d732fccf402f6a51feb08
2012-12-12T05:36:34+00:00 INFO (6): Bootstrap Bootstrap::_initConfigureResourceAutoloader
2012-12-12T05:36:34+00:00 INFO (6): Bootstrap Bootstrap::_initConfig
2012-12-11T23:36:34-06:00 INFO (6): Informational message - setting new CSRFTOKEN: 212ebc335ae2da4ecfa831151a8c2593f666a79e
2012-12-12T05:39:13+00:00 INFO (6): Bootstrap Bootstrap::_initConfigureResourceAutoloader
2012-12-12T05:39:13+00:00 INFO (6): Bootstrap Bootstrap::_initConfig
2012-12-12T05:39:13+00:00 INFO (6): Bootstrap Bootstrap::_initConfigureResourceAutoloader
2012-12-12T05:39:13+00:00 INFO (6): Bootstrap Bootstrap::_initConfig
2012-12-11T23:39:13-06:00 CRIT (2): Exception: exception 'Zend_Controller_Dispatcher_Exception' with message 'Invalid controller specified (favicon.ico)' in /Applications/XAMPP/xamppfiles/htdocs/zf/library/Zend/Controller/Dispatcher/Standard.php:248
Stack trace:
#0 /Applications/XAMPP/xamppfiles/htdocs/zf/library/Zend/Controller/Front.php(954): Zend_Controller_Dispatcher_Standard->dispatch(Object(Zend_Controller_Request_Http), Object(Zend_Controller_Response_Http))
#1 /Applications/XAMPP/xamppfiles/htdocs/zf/library/Zend/Application/Bootstrap/Bootstrap.php(97): Zend_Controller_Front->dispatch()
#2 /Applications/XAMPP/xamppfiles/htdocs/zf/library/Zend/Application.php(366): Zend_Application_Bootstrap_Bootstrap->run()
#3 /Users/kevin/Sites/linkblab/public/index.php(26): Zend_Application->run()
#4 {main}
2012-12-11T23:39:13-06:00 INFO (6): Informational message - setting new CSRFTOKEN: 5a2b5e881bdda045234fde507e328e273d575317
2012-12-12T05:41:45+00:00 INFO (6): Bootstrap Bootstrap::_initConfigureResourceAutoloader
2012-12-12T05:41:45+00:00 INFO (6): Bootstrap Bootstrap::_initConfig
2012-12-11T23:41:45-06:00 INFO (6): Informational message - setting new CSRFTOKEN: 5d623929bc292767bc4b29530e4922e18afaa829
2012-12-12T05:42:24+00:00 INFO (6): Bootstrap Bootstrap::_initConfigureResourceAutoloader
2012-12-12T05:42:24+00:00 INFO (6): Bootstrap Bootstrap::_initConfig
2012-12-11T23:42:24-06:00 INFO (6): Informational message - setting new CSRFTOKEN: e87c471c2e0eb3281edadecace50b7e5b38654e5
2012-12-12T05:42:34+00:00 INFO (6): Bootstrap Bootstrap::_initConfigureResourceAutoloader
2012-12-12T05:42:34+00:00 INFO (6): Bootstrap Bootstrap::_initConfig
2012-12-12T05:42:34+00:00 INFO (6): Bootstrap Bootstrap::_initConfigureResourceAutoloader
2012-12-12T05:42:34+00:00 INFO (6): Bootstrap Bootstrap::_initConfig
2012-12-11T23:42:35-06:00 INFO (6): Informational message - setting new CSRFTOKEN: fc89f5d26e011268e6de5d7fc2ddefe528d2c805
2012-12-11T23:42:35-06:00 INFO (6): Informational message - setting new CSRFTOKEN: 721518406b47e3cb56be728c0cf66c0d37a69fb6
2012-12-12T05:43:23+00:00 INFO (6): Bootstrap Bootstrap::_initConfigureResourceAutoloader
2012-12-12T05:43:23+00:00 INFO (6): Bootstrap Bootstrap::_initConfig
2012-12-11T23:43:23-06:00 INFO (6): Informational message - setting new CSRFTOKEN: 18f375d960a46f052570a50efe18d5aa8ca5c6c3
2012-12-12T05:43:26+00:00 INFO (6): Bootstrap Bootstrap::_initConfigureResourceAutoloader
2012-12-12T05:43:26+00:00 INFO (6): Bootstrap Bootstrap::_initConfig
2012-12-12T05:43:27+00:00 INFO (6): Bootstrap Bootstrap::_initConfigureResourceAutoloader
2012-12-12T05:43:27+00:00 INFO (6): Bootstrap Bootstrap::_initConfig
2012-12-11T23:43:27-06:00 INFO (6): Informational message - setting new CSRFTOKEN: 7ab2c90f88679ce7a32262596d53347b00ee8d7d
2012-12-11T23:43:27-06:00 INFO (6): Informational message - setting new CSRFTOKEN: 36d79b5829c7267de67944f0272867b5e50abfc0
2012-12-12T05:43:41+00:00 INFO (6): Bootstrap Bootstrap::_initConfigureResourceAutoloader
2012-12-12T05:43:41+00:00 INFO (6): Bootstrap Bootstrap::_initConfig
2012-12-12T05:43:41+00:00 INFO (6): Bootstrap Bootstrap::_initConfigureResourceAutoloader
2012-12-12T05:43:41+00:00 INFO (6): Bootstrap Bootstrap::_initConfig
2012-12-11T23:43:41-06:00 INFO (6): Informational message - setting new CSRFTOKEN: 92c5a1815e18a74fc128a8756999008458f6ddfb
2012-12-12T05:43:43+00:00 INFO (6): Bootstrap Bootstrap::_initConfigureResourceAutoloader
2012-12-12T05:43:43+00:00 INFO (6): Bootstrap Bootstrap::_initConfig
2012-12-11T23:43:43-06:00 CRIT (2): Exception: exception 'Zend_Controller_Action_Exception' with message 'Method "createElement" does not exist and was not trapped in __call()' in /Applications/XAMPP/xamppfiles/htdocs/zf/library/Zend/Controller/Action.php:488
Stack trace:
#0 [internal function]: Zend_Controller_Action->__call('createElement', Array)
#1 /Users/kevin/Sites/linkblab/application/controllers/BlabsController.php(488): BlabsController->createElement('Captcha', 'ReCaptcha', Array)
#2 /Applications/XAMPP/xamppfiles/htdocs/zf/library/Zend/Controller/Action.php(516): BlabsController->submitAction()
#3 /Applications/XAMPP/xamppfiles/htdocs/zf/library/Zend/Controller/Dispatcher/Standard.php(308): Zend_Controller_Action->dispatch('submitAction')
#4 /Applications/XAMPP/xamppfiles/htdocs/zf/library/Zend/Controller/Front.php(954): Zend_Controller_Dispatcher_Standard->dispatch(Object(Zend_Controller_Request_Http), Object(Zend_Controller_Response_Http))
#5 /Applications/XAMPP/xamppfiles/htdocs/zf/library/Zend/Application/Bootstrap/Bootstrap.php(97): Zend_Controller_Front->dispatch()
#6 /Applications/XAMPP/xamppfiles/htdocs/zf/library/Zend/Application.php(366): Zend_Application_Bootstrap_Bootstrap->run()
#7 /Users/kevin/Sites/linkblab/public/index.php(26): Zend_Application->run()
#8 {main}
2012-12-11T23:43:43-06:00 INFO (6): Informational message - setting new CSRFTOKEN: 875db369d677ebd8dab887cff9b7fe2de6f9d649
2012-12-12T05:44:21+00:00 INFO (6): Bootstrap Bootstrap::_initConfigureResourceAutoloader
2012-12-12T05:44:21+00:00 INFO (6): Bootstrap Bootstrap::_initConfig
2012-12-11T23:44:21-06:00 INFO (6): Informational message - setting new CSRFTOKEN: b0c72f309a18128ed001b89342e4c4e83a7ab452
2012-12-12T05:44:25+00:00 INFO (6): Bootstrap Bootstrap::_initConfigureResourceAutoloader
2012-12-12T05:44:25+00:00 INFO (6): Bootstrap Bootstrap::_initConfig
2012-12-11T23:44:25-06:00 INFO (6): Informational message - setting new CSRFTOKEN: 2e99067fa13326a48261c3ec9c6bd2ab5dee4aa5
2012-12-12T05:44:39+00:00 INFO (6): Bootstrap Bootstrap::_initConfigureResourceAutoloader
2012-12-12T05:44:39+00:00 INFO (6): Bootstrap Bootstrap::_initConfig
2012-12-11T23:44:39-06:00 INFO (6): Informational message - setting new CSRFTOKEN: aacf3c78b2c1a0dfc903775121d8ebfd66d2369e
2012-12-12T05:44:42+00:00 INFO (6): Bootstrap Bootstrap::_initConfigureResourceAutoloader
2012-12-12T05:44:42+00:00 INFO (6): Bootstrap Bootstrap::_initConfig
2012-12-11T23:44:43-06:00 INFO (6): Informational message - setting new CSRFTOKEN: 08b0b5aeed1b2bfcd662faddd1463435a3e4e73a
2012-12-12T05:44:44+00:00 INFO (6): Bootstrap Bootstrap::_initConfigureResourceAutoloader
2012-12-12T05:44:44+00:00 INFO (6): Bootstrap Bootstrap::_initConfig
2012-12-12T05:44:44+00:00 INFO (6): Bootstrap Bootstrap::_initConfigureResourceAutoloader
2012-12-12T05:44:44+00:00 INFO (6): Bootstrap Bootstrap::_initConfig
2012-12-11T23:44:45-06:00 INFO (6): Informational message - setting new CSRFTOKEN: c6f9771a59a1cff76f1daab8806ec7d710019123
2012-12-11T23:44:45-06:00 INFO (6): Informational message - setting new CSRFTOKEN: 6fcd442915cf8b895561e603c0cdb311594609e9
